  lox.cpp
C:\Users\maks\Desktop\Новая папка (2)\mysor\3Семестр\ЯП\Новая папка\lox\lox\lox.cpp(15,9): warning C4477: "printf": в строке форматирования "%s" требуется аргумент типа "char *", но вариативный аргумент "2" имеет тип "int"
C:\Users\maks\Desktop\Новая папка (2)\mysor\3Семестр\ЯП\Новая папка\lox\lox\lox.cpp(15,9): warning C4313: printf: конфликт "%s" в строке формата с аргументом 2 типа "int"
C:\Users\maks\Desktop\Новая папка (2)\mysor\3Семестр\ЯП\Новая папка\lox\lox\lox.cpp(15,9): warning C4477: "printf": в строке форматирования "%s" требуется аргумент типа "char *", но вариативный аргумент "5" имеет тип "int"
C:\Users\maks\Desktop\Новая папка (2)\mysor\3Семестр\ЯП\Новая папка\lox\lox\lox.cpp(15,9): warning C4313: printf: конфликт "%s" в строке формата с аргументом 5 типа "int"
C:\Users\maks\Desktop\Новая папка (2)\mysor\3Семестр\ЯП\Новая папка\lox\lox\lox.cpp(56,13): warning C4473: "scanf_s": передано недостаточно аргументов для строки формата
C:\Users\maks\Desktop\Новая папка (2)\mysor\3Семестр\ЯП\Новая папка\lox\lox\lox.cpp(56,13): message : заполнители и их параметры ожидают переменное число аргументов в количестве 2, но было предоставлено 1
C:\Users\maks\Desktop\Новая папка (2)\mysor\3Семестр\ЯП\Новая папка\lox\lox\lox.cpp(56,13): message : отсутствующий вариативный аргумент "2" требуется для строки форматирования "%[^\n]"
C:\Users\maks\Desktop\Новая папка (2)\mysor\3Семестр\ЯП\Новая папка\lox\lox\lox.cpp(56,13): message : этот аргумент используется в качестве размера буфера
C:\Users\maks\Desktop\Новая папка (2)\mysor\3Семестр\ЯП\Новая папка\lox\lox\lox.cpp(62,13): warning C4473: "scanf_s": передано недостаточно аргументов для строки формата
C:\Users\maks\Desktop\Новая папка (2)\mysor\3Семестр\ЯП\Новая папка\lox\lox\lox.cpp(62,13): message : заполнители и их параметры ожидают переменное число аргументов в количестве 2, но было предоставлено 1
C:\Users\maks\Desktop\Новая папка (2)\mysor\3Семестр\ЯП\Новая папка\lox\lox\lox.cpp(62,13): message : отсутствующий вариативный аргумент "2" требуется для строки форматирования "%s"
C:\Users\maks\Desktop\Новая папка (2)\mysor\3Семестр\ЯП\Новая папка\lox\lox\lox.cpp(62,13): message : этот аргумент используется в качестве размера буфера
C:\Users\maks\Desktop\Новая папка (2)\mysor\3Семестр\ЯП\Новая папка\lox\lox\lox.cpp(73,11): warning C4477: "scanf_s": в строке форматирования "%s" требуется аргумент типа "char *", но вариативный аргумент "1" имеет тип "int *"
C:\Users\maks\Desktop\Новая папка (2)\mysor\3Семестр\ЯП\Новая папка\lox\lox\lox.cpp(73,11): message : этот аргумент используется описателем преобразования
C:\Users\maks\Desktop\Новая папка (2)\mysor\3Семестр\ЯП\Новая папка\lox\lox\lox.cpp(73,11): warning C4473: "scanf_s": передано недостаточно аргументов для строки формата
C:\Users\maks\Desktop\Новая папка (2)\mysor\3Семестр\ЯП\Новая папка\lox\lox\lox.cpp(73,11): message : заполнители и их параметры ожидают переменное число аргументов в количестве 2, но было предоставлено 1
C:\Users\maks\Desktop\Новая папка (2)\mysor\3Семестр\ЯП\Новая папка\lox\lox\lox.cpp(73,11): message : отсутствующий вариативный аргумент "2" требуется для строки форматирования "%s"
C:\Users\maks\Desktop\Новая папка (2)\mysor\3Семестр\ЯП\Новая папка\lox\lox\lox.cpp(73,11): message : этот аргумент используется в качестве размера буфера
C:\Users\maks\Desktop\Новая папка (2)\mysor\3Семестр\ЯП\Новая папка\lox\lox\lox.cpp(23,14): warning C4101: i: неиспользованная локальная переменная
C:\Users\maks\Desktop\Новая папка (2)\mysor\3Семестр\ЯП\Новая папка\lox\lox\lox.cpp(23,17): warning C4101: ch: неиспользованная локальная переменная
  lox.vcxproj -> C:\Users\maks\Desktop\Новая папка (2)\mysor\3Семестр\ЯП\Новая папка\lox\x64\Debug\lox.exe
