  ConsoleApplication2.cpp
C:\Users\maks\Desktop\Новая папка (2)\mysor\3Семестр\ЯП\Новая папка\ConsoleApplication2\ConsoleApplication2\Menu.cpp(13,10): warning C4067: непредвиденные лексемы за директивой препроцессора, требуется newline
C:\Users\maks\Desktop\Новая папка (2)\mysor\3Семестр\ЯП\Новая папка\ConsoleApplication2\ConsoleApplication2\FileClient.cpp(19,2): warning C4091: static : пропускается слева от "client", когда ни одна переменная не объявлена
C:\Users\maks\Desktop\Новая папка (2)\mysor\3Семестр\ЯП\Новая папка\ConsoleApplication2\ConsoleApplication2\Menu.cpp(14,10): warning C4067: непредвиденные лексемы за директивой препроцессора, требуется newline
C:\Users\maks\Desktop\Новая папка (2)\mysor\3Семестр\ЯП\Новая папка\ConsoleApplication2\ConsoleApplication2\FileTovar.cpp(18,2): warning C4091: static : пропускается слева от "tovar", когда ни одна переменная не объявлена
C:\Users\maks\Desktop\Новая папка (2)\mysor\3Семестр\ЯП\Новая папка\ConsoleApplication2\ConsoleApplication2\Menu.cpp(15,10): warning C4067: непредвиденные лексемы за директивой препроцессора, требуется newline
C:\Users\maks\Desktop\Новая папка (2)\mysor\3Семестр\ЯП\Новая папка\ConsoleApplication2\ConsoleApplication2\Menu.cpp(27,5): warning C4102: std: неиспользованная метка
C:\Users\maks\Desktop\Новая папка (2)\mysor\3Семестр\ЯП\Новая папка\ConsoleApplication2\ConsoleApplication2\Menu.cpp(45,5): warning C4102: std: неиспользованная метка
C:\Users\maks\Desktop\Новая папка (2)\mysor\3Семестр\ЯП\Новая папка\ConsoleApplication2\ConsoleApplication2\Menu.cpp(85,5): warning C4102: std: неиспользованная метка
C:\Users\maks\Desktop\Новая папка (2)\mysor\3Семестр\ЯП\Новая папка\ConsoleApplication2\ConsoleApplication2\Menu.cpp(126,5): warning C4102: std: неиспользованная метка
  FileClient.cpp
C:\Users\maks\Desktop\Новая папка (2)\mysor\3Семестр\ЯП\Новая папка\ConsoleApplication2\ConsoleApplication2\FileClient.cpp(19,2): warning C4091: static : пропускается слева от "client", когда ни одна переменная не объявлена
  FileTovar.cpp
C:\Users\maks\Desktop\Новая папка (2)\mysor\3Семестр\ЯП\Новая папка\ConsoleApplication2\ConsoleApplication2\FileTovar.cpp(18,2): warning C4091: static : пропускается слева от "tovar", когда ни одна переменная не объявлена
  libs.cpp
  Menu.cpp
C:\Users\maks\Desktop\Новая папка (2)\mysor\3Семестр\ЯП\Новая папка\ConsoleApplication2\ConsoleApplication2\Menu.cpp(13,10): warning C4067: непредвиденные лексемы за директивой препроцессора, требуется newline
C:\Users\maks\Desktop\Новая папка (2)\mysor\3Семестр\ЯП\Новая папка\ConsoleApplication2\ConsoleApplication2\FileClient.cpp(19,2): warning C4091: static : пропускается слева от "client", когда ни одна переменная не объявлена
C:\Users\maks\Desktop\Новая папка (2)\mysor\3Семестр\ЯП\Новая папка\ConsoleApplication2\ConsoleApplication2\Menu.cpp(14,10): warning C4067: непредвиденные лексемы за директивой препроцессора, требуется newline
C:\Users\maks\Desktop\Новая папка (2)\mysor\3Семестр\ЯП\Новая папка\ConsoleApplication2\ConsoleApplication2\FileTovar.cpp(18,2): warning C4091: static : пропускается слева от "tovar", когда ни одна переменная не объявлена
C:\Users\maks\Desktop\Новая папка (2)\mysor\3Семестр\ЯП\Новая папка\ConsoleApplication2\ConsoleApplication2\Menu.cpp(15,10): warning C4067: непредвиденные лексемы за директивой препроцессора, требуется newline
C:\Users\maks\Desktop\Новая папка (2)\mysor\3Семестр\ЯП\Новая папка\ConsoleApplication2\ConsoleApplication2\Menu.cpp(27,5): warning C4102: std: неиспользованная метка
C:\Users\maks\Desktop\Новая папка (2)\mysor\3Семестр\ЯП\Новая папка\ConsoleApplication2\ConsoleApplication2\Menu.cpp(45,5): warning C4102: std: неиспользованная метка
C:\Users\maks\Desktop\Новая папка (2)\mysor\3Семестр\ЯП\Новая папка\ConsoleApplication2\ConsoleApplication2\Menu.cpp(85,5): warning C4102: std: неиспользованная метка
C:\Users\maks\Desktop\Новая папка (2)\mysor\3Семестр\ЯП\Новая папка\ConsoleApplication2\ConsoleApplication2\Menu.cpp(126,5): warning C4102: std: неиспользованная метка
  test.cpp
C:\Users\maks\Desktop\Новая папка (2)\mysor\3Семестр\ЯП\Новая папка\ConsoleApplication2\ConsoleApplication2\test.cpp(203,9): warning C4101: a: неиспользованная локальная переменная
  Создание кода...
C:\Users\maks\Desktop\Новая папка (2)\mysor\3Семестр\ЯП\Новая папка\ConsoleApplication2\ConsoleApplication2\test.cpp(49): warning C4715: open_line_tabl: значение возвращается не при всех путях выполнения
  ConsoleApplication2.vcxproj -> C:\Users\maks\Desktop\Новая папка (2)\mysor\3Семестр\ЯП\Новая папка\ConsoleApplication2\x64\Debug\ConsoleApplication2.exe
